<?xml version="1.0" encoding="UTF-8"?>
<!-- Generated by org.testng.reporters.JUnitXMLReporter -->
<testsuite ignored="0" hostname="JV-LAP046" failures="0" tests="7" name="Default test" time="79.887" errors="0" timestamp="2022-06-07T09:32:02 NPT">
  <testcase classname="test.SampleTest" name="urlTest" time="3.595"/>
  <testcase classname="test.SampleTest" name="loginTest" time="4.271"/>
  <testcase classname="test.SampleTest" name="linksTest" time="2.202"/>
  <testcase classname="test.SampleTest" name="searchCaseEmailCaseNum" time="26.901"/>
  <testcase classname="test.SampleTest" name="searchCaseEmailCustomerNum" time="24.145"/>
  <testcase classname="test.SampleTest" name="searchCaseEmailStatus" time="8.765"/>
  <testcase classname="test.SampleTest" name="logout" time="0.111"/>
</testsuite> <!-- Default test -->
