<?xml version="1.0" encoding="UTF-8"?>
<!-- Generated by org.testng.reporters.JUnitXMLReporter -->
<testsuite ignored="0" hostname="JV-LAP046" failures="0" tests="5" name="Default test" time="16.42" errors="0" timestamp="2022-05-25T16:37:21 NPT">
  <testcase classname="test.SampleTest" name="excelReadTest" time="0.323"/>
  <testcase classname="test.SampleTest" name="urlTest" time="1.153"/>
  <testcase classname="test.SampleTest" name="loginTest" time="7.224"/>
  <testcase classname="test.SampleTest" name="linksTest" time="1.356"/>
  <testcase classname="test.SampleTest" name="logout" time="0.107"/>
</testsuite> <!-- Default test -->
