<?xml version="1.0" encoding="UTF-8"?>
<testng-results ignored="0" total="5" passed="5" failed="0" skipped="0">
  <reporter-output>
  </reporter-output>
  <suite started-at="2022-05-25T16:37:05 NPT" name="Default suite" finished-at="2022-05-25T16:37:21 NPT" duration-ms="16420">
    <groups>
    </groups>
    <test started-at="2022-05-25T16:37:05 NPT" name="Default test" finished-at="2022-05-25T16:37:21 NPT" duration-ms="16420">
      <class name="test.SampleTest">
        <test-method is-config="true" signature="beforeTest()[pri:0, instance:test.SampleTest@452c8a40]" started-at="2022-05-25T16:37:05 NPT" name="beforeTest" finished-at="2022-05-25T16:37:10 NPT" duration-ms="5426" status="PASS">
          <reporter-output>
          </reporter-output>
        </test-method> <!-- beforeTest -->
        <test-method signature="excelReadTest()[pri:1, instance:test.SampleTest@452c8a40]" started-at="2022-05-25T16:37:10 NPT" name="excelReadTest" finished-at="2022-05-25T16:37:10 NPT" duration-ms="323" status="PASS">
          <reporter-output>
          </reporter-output>
        </test-method> <!-- excelReadTest -->
        <test-method signature="urlTest()[pri:2, instance:test.SampleTest@452c8a40]" started-at="2022-05-25T16:37:11 NPT" name="urlTest" finished-at="2022-05-25T16:37:12 NPT" duration-ms="1153" status="PASS">
          <reporter-output>
          </reporter-output>
        </test-method> <!-- urlTest -->
        <test-method signature="loginTest()[pri:3, instance:test.SampleTest@452c8a40]" started-at="2022-05-25T16:37:12 NPT" name="loginTest" finished-at="2022-05-25T16:37:19 NPT" duration-ms="7224" status="PASS">
          <reporter-output>
          </reporter-output>
        </test-method> <!-- loginTest -->
        <test-method signature="linksTest()[pri:4, instance:test.SampleTest@452c8a40]" started-at="2022-05-25T16:37:19 NPT" name="linksTest" finished-at="2022-05-25T16:37:20 NPT" duration-ms="1356" status="PASS">
          <reporter-output>
          </reporter-output>
        </test-method> <!-- linksTest -->
        <test-method signature="logout()[pri:5, instance:test.SampleTest@452c8a40]" started-at="2022-05-25T16:37:20 NPT" name="logout" finished-at="2022-05-25T16:37:20 NPT" duration-ms="107" status="PASS">
          <reporter-output>
          </reporter-output>
        </test-method> <!-- logout -->
        <test-method is-config="true" signature="afterMethod()[pri:0, instance:test.SampleTest@452c8a40]" started-at="2022-05-25T16:37:20 NPT" name="afterMethod" finished-at="2022-05-25T16:37:21 NPT" duration-ms="714" status="PASS">
          <reporter-output>
          </reporter-output>
        </test-method> <!-- afterMethod -->
      </class> <!-- test.SampleTest -->
    </test> <!-- Default test -->
  </suite> <!-- Default suite -->
</testng-results>
